<?xml version="1.0" encoding="UTF-8"?>
<!-- Generated by org.testng.reporters.JUnitXMLReporter -->
<testsuite hostname="DESKTOP-U0D22PI" ignored="2" name="tc004_VerifyGoogleSearchPageWithData1" tests="2" failures="2" timestamp="08 May 2020 08:32:52 GMT" time="0.16" errors="0">
  <testcase name="tc004_VerifyGoogleSearchPageWithData1" time="0.012" classname="com.automation.test.testcases.demo.web.ui.WebUITestDemo">
    <failure type="java.lang.NullPointerException">
      <![CDATA[java.lang.NullPointerException
at com.automation.framework.core.web.ui.object.BasePage.navigateToURL(BasePage.java:79)
at com.automation.test.testcases.demo.web.ui.WebUITestDemo.tc004_VerifyGoogleSearchPageWithData1(WebUITestDemo.java:53)
... Removed 29 stack frames]]>
    </failure>
  </testcase> <!-- tc004_VerifyGoogleSearchPageWithData1 -->
  <testcase name="tc004_VerifyGoogleSearchPageWithData1" time="0.0" classname="com.automation.test.testcases.demo.web.ui.WebUITestDemo">
    <failure type="java.lang.NullPointerException">
      <![CDATA[java.lang.NullPointerException
at com.automation.framework.core.web.ui.object.BasePage.navigateToURL(BasePage.java:79)
at com.automation.test.testcases.demo.web.ui.WebUITestDemo.tc004_VerifyGoogleSearchPageWithData1(WebUITestDemo.java:53)
... Removed 29 stack frames]]>
    </failure>
  </testcase> <!-- tc004_VerifyGoogleSearchPageWithData1 -->
  <testcase name="tc001_VerifyGoogleSearchPageWithoutDataDriven" time="0.0" classname="com.automation.test.testcases.demo.web.ui.WebUITestDemo">
    <ignored/>
  </testcase> <!-- tc001_VerifyGoogleSearchPageWithoutDataDriven -->
  <testcase name="tc002_VerifyGoogleSearchPageWithData" time="0.0" classname="com.automation.test.testcases.demo.web.ui.WebUITestDemo">
    <ignored/>
  </testcase> <!-- tc002_VerifyGoogleSearchPageWithData -->
</testsuite> <!-- tc004_VerifyGoogleSearchPageWithData1 -->
